<?xml version="1.0" encoding="utf-8"?><testsuites name="pytest tests"><testsuite name="pytest" errors="0" failures="0" skipped="0" tests="5" time="2.593" timestamp="2026-08-16T08:22:24.707267+09:00" hostname="Ragnova"><testcase classname="tests.test_runner" name="test_dynamic_spec[chromium-LOGIN-001]" time="1.060" /><testcase classname="tests.test_runner" name="test_dynamic_spec[chromium-LOGIN-002]" time="0.344" /><testcase classname="tests.test_runner" name="test_dynamic_spec[chromium-SEARCH-001]" time="0.348" /><testcase classname="tests.test_runner" name="test_dynamic_spec[chromium-FORM-001]" time="0.350" /><testcase classname="tests.test_runner" name="test_dynamic_spec[chromium-API-001]" time="0.236" /></testsuite></testsuites>