<?xml version="1.0" encoding="utf-8"?><testsuites name="pytest tests"><testsuite name="pytest" errors="0" failures="0" skipped="0" tests="5" time="2.475" timestamp="2026-08-16T03:34:03.446840+00:00" hostname="c9c9b03bf2e2"><testcase classname="tests.test_runner" name="test_dynamic_spec[chromium-LOGIN-001]" time="1.226" /><testcase classname="tests.test_runner" name="test_dynamic_spec[chromium-LOGIN-002]" time="0.298" /><testcase classname="tests.test_runner" name="test_dynamic_spec[chromium-SEARCH-001]" time="0.283" /><testcase classname="tests.test_runner" name="test_dynamic_spec[chromium-FORM-001]" time="0.294" /><testcase classname="tests.test_runner" name="test_dynamic_spec[chromium-API-001]" time="0.190" /></testsuite></testsuites>